<?xml version="1.0" encoding="utf-8"?>
<TestRun id="eb1b8051-80c4-481d-bc28-187c09259084" name="HP@DESKTOP-STROUJ7 2025-10-31 21:26:34" runUser="DESKTOP-STROUJ7\HP" xmlns="http://microsoft.com/schemas/VisualStudio/TeamTest/2010">
  <Times creation="2025-10-31T21:26:34.1470769-05:00" queuing="2025-10-31T21:26:34.1470776-05:00" start="2025-10-31T21:26:34.0578305-05:00" finish="2025-10-31T21:26:34.1474489-05:00" />
  <TestSettings name="default" id="5215b7e4-be0c-458f-890b-fa555eb1d5cd">
    <Deployment runDeploymentRoot="HP_DESKTOP-STROUJ7_2025-10-31_21_26_34" />
  </TestSettings>
  <TestLists>
    <TestList name="Resultados sin formato de lista" id="8c84fa94-04c1-424b-9868-57a2d4851a1d" />
    <TestList name="Todos los resultados cargados" id="19431567-8539-422a-85d7-44ee4e166bda" />
  </TestLists>
  <ResultSummary outcome="Failed">
    <Counters total="0" executed="0" passed="0" failed="0" error="0" timeout="0" aborted="0" inconclusive="0" passedButRunAborted="0" notRunnable="0" notExecuted="0" disconnected="0" warning="0" completed="0" inProgress="0" pending="0" />
    <RunInfos>
      <RunInfo computerName="DESKTOP-STROUJ7" outcome="Error" timestamp="2025-10-31T21:26:34.1001213-05:00">
        <Text>Error:</Text>
      </RunInfo>
      <RunInfo computerName="DESKTOP-STROUJ7" outcome="Error" timestamp="2025-10-31T21:26:34.1011296-05:00">
        <Text>  An assembly specified in the application dependencies manifest (Music.Bdd.deps.json) was not found:</Text>
      </RunInfo>
      <RunInfo computerName="DESKTOP-STROUJ7" outcome="Error" timestamp="2025-10-31T21:26:34.1019033-05:00">
        <Text>    package: 'BoDi', version: '1.5.0'</Text>
      </RunInfo>
      <RunInfo computerName="DESKTOP-STROUJ7" outcome="Error" timestamp="2025-10-31T21:26:34.1025569-05:00">
        <Text>    path: 'lib/netstandard2.0/BoDi.dll'</Text>
      </RunInfo>
      <RunInfo computerName="DESKTOP-STROUJ7" outcome="Error" timestamp="2025-10-31T21:26:34.1239001-05:00">
        <Text>El proceso del host de prueba para fuentes "C:\Users\HP\Desktop\examen-2025-ii-si784-u2-dennisdhm7\tests\Music.Bdd\bin\Release\net8.0\Music.Bdd.dll" finalizó con el siguiente error: Error:&#xD;
  An assembly specified in the application dependencies manifest (Music.Bdd.deps.json) was not found:&#xD;
    package: 'BoDi', version: '1.5.0'&#xD;
    path: 'lib/netstandard2.0/BoDi.dll'&#xD;
. Consulte los registros de diagnóstico para obtener más información.</Text>
      </RunInfo>
    </RunInfos>
  </ResultSummary>
</TestRun>