<?xml version="1.0" encoding="utf-8"?>
<TestRun id="578ff381-648a-430a-9333-96e6abb3cbaf" name="HP@DESKTOP-STROUJ7 2025-10-31 21:26:33" runUser="DESKTOP-STROUJ7\HP" xmlns="http://microsoft.com/schemas/VisualStudio/TeamTest/2010">
  <Times creation="2025-10-31T21:26:33.2564276-05:00" queuing="2025-10-31T21:26:33.2564277-05:00" start="2025-10-31T21:26:32.3559865-05:00" finish="2025-10-31T21:26:33.2682038-05:00" />
  <TestSettings name="default" id="1d75a5e8-d6b0-4792-9121-4eaf625a385f">
    <Deployment runDeploymentRoot="HP_DESKTOP-STROUJ7_2025-10-31_21_26_33" />
  </TestSettings>
  <Results>
    <UnitTestResult executionId="e0d1e0ed-19fc-4a3d-8793-12f9f2cc764a" testId="cd1526cd-658b-039f-332e-003006925982" testName="Music.Tests.MusicUnitTests.PlayCommand_Returns_Playing" computerName="DESKTOP-STROUJ7" duration="00:00:00.0000367" startTime="2025-10-31T21:26:33.0282108-05:00" endTime="2025-10-31T21:26:33.0282108-05:00" testType="13cdc9d9-ddb5-4fa4-a97d-d965ccfc6d4b" outcome="Passed" testListId="8c84fa94-04c1-424b-9868-57a2d4851a1d" relativeResultsDirectory="e0d1e0ed-19fc-4a3d-8793-12f9f2cc764a" />
    <UnitTestResult executionId="956ae77a-7baf-41be-acee-57cf840a609a" testId="80c5456d-0792-5c6c-7bf4-cbc5b154f8f7" testName="Music.Tests.MusicUnitTests.SkipCommand_Returns_Skipping" computerName="DESKTOP-STROUJ7" duration="00:00:00.0000362" startTime="2025-10-31T21:26:33.0286416-05:00" endTime="2025-10-31T21:26:33.0286417-05:00" testType="13cdc9d9-ddb5-4fa4-a97d-d965ccfc6d4b" outcome="Passed" testListId="8c84fa94-04c1-424b-9868-57a2d4851a1d" relativeResultsDirectory="956ae77a-7baf-41be-acee-57cf840a609a" />
    <UnitTestResult executionId="8101d4a5-7018-4cbc-8802-8153f26727cf" testId="075b24b4-48fe-92a1-50ad-9e9e54c34bda" testName="Music.Tests.MusicUnitTests.Remote_With_Command_Works(action: &quot;play&quot;, expected: &quot;Playing the song.&quot;)" computerName="DESKTOP-STROUJ7" duration="00:00:00.0000558" startTime="2025-10-31T21:26:33.0280093-05:00" endTime="2025-10-31T21:26:33.0280094-05:00" testType="13cdc9d9-ddb5-4fa4-a97d-d965ccfc6d4b" outcome="Passed" testListId="8c84fa94-04c1-424b-9868-57a2d4851a1d" relativeResultsDirectory="8101d4a5-7018-4cbc-8802-8153f26727cf" />
    <UnitTestResult executionId="8aefbb28-3753-46f0-93c8-7808db31b0c4" testId="71d1658e-d987-b498-f620-6238e0518fe0" testName="Music.Tests.MusicUnitTests.Remote_With_Command_Works(action: &quot;pause&quot;, expected: &quot;Pausing the song.&quot;)" computerName="DESKTOP-STROUJ7" duration="00:00:00.0001276" startTime="2025-10-31T21:26:33.0278051-05:00" endTime="2025-10-31T21:26:33.0278051-05:00" testType="13cdc9d9-ddb5-4fa4-a97d-d965ccfc6d4b" outcome="Passed" testListId="8c84fa94-04c1-424b-9868-57a2d4851a1d" relativeResultsDirectory="8aefbb28-3753-46f0-93c8-7808db31b0c4" />
    <UnitTestResult executionId="4833f0ad-e5b6-49f6-9df2-09ca8e85f409" testId="6a4f19a5-220d-d2ed-da38-6956ad1b8eb2" testName="Music.Tests.MusicUnitTests.Remote_Without_Command_Throws" computerName="DESKTOP-STROUJ7" duration="00:00:00.0003030" startTime="2025-10-31T21:26:33.0284278-05:00" endTime="2025-10-31T21:26:33.0284279-05:00" testType="13cdc9d9-ddb5-4fa4-a97d-d965ccfc6d4b" outcome="Passed" testListId="8c84fa94-04c1-424b-9868-57a2d4851a1d" relativeResultsDirectory="4833f0ad-e5b6-49f6-9df2-09ca8e85f409" />
    <UnitTestResult executionId="799381ee-1488-4ce9-9ce9-14d5a27f1ced" testId="89294226-cc9b-921a-7956-6dcbc8329138" testName="Music.Tests.MusicUnitTests.PauseCommand_Returns_Pausing" computerName="DESKTOP-STROUJ7" duration="00:00:00.0116491" startTime="2025-10-31T21:26:33.0217558-05:00" endTime="2025-10-31T21:26:33.0217706-05:00" testType="13cdc9d9-ddb5-4fa4-a97d-d965ccfc6d4b" outcome="Passed" testListId="8c84fa94-04c1-424b-9868-57a2d4851a1d" relativeResultsDirectory="799381ee-1488-4ce9-9ce9-14d5a27f1ced" />
    <UnitTestResult executionId="09e099d8-6707-49c3-98f1-6292ab49bb64" testId="0882e9d4-3a33-d59e-26d5-a2ab575f29d9" testName="Music.Tests.MusicUnitTests.Remote_With_Command_Works(action: &quot;skip&quot;, expected: &quot;Skipping to the next song.&quot;)" computerName="DESKTOP-STROUJ7" duration="00:00:00.0002048" startTime="2025-10-31T21:26:33.0273065-05:00" endTime="2025-10-31T21:26:33.0273066-05:00" testType="13cdc9d9-ddb5-4fa4-a97d-d965ccfc6d4b" outcome="Passed" testListId="8c84fa94-04c1-424b-9868-57a2d4851a1d" relativeResultsDirectory="09e099d8-6707-49c3-98f1-6292ab49bb64" />
  </Results>
  <TestDefinitions>
    <UnitTest name="Music.Tests.MusicUnitTests.PlayCommand_Returns_Playing" storage="c:\users\hp\desktop\examen-2025-ii-si784-u2-dennisdhm7\tests\music.tests\bin\release\net8.0\music.tests.dll" id="cd1526cd-658b-039f-332e-003006925982">
      <Execution id="e0d1e0ed-19fc-4a3d-8793-12f9f2cc764a" />
      <TestMethod codeBase="C:\Users\HP\Desktop\examen-2025-ii-si784-u2-dennisdhm7\tests\Music.Tests\bin\Release\net8.0\Music.Tests.dll" adapterTypeName="executor://xunit/VsTestRunner2/netcoreapp" className="Music.Tests.MusicUnitTests" name="PlayCommand_Returns_Playing" />
    </UnitTest>
    <UnitTest name="Music.Tests.MusicUnitTests.PauseCommand_Returns_Pausing" storage="c:\users\hp\desktop\examen-2025-ii-si784-u2-dennisdhm7\tests\music.tests\bin\release\net8.0\music.tests.dll" id="89294226-cc9b-921a-7956-6dcbc8329138">
      <Execution id="799381ee-1488-4ce9-9ce9-14d5a27f1ced" />
      <TestMethod codeBase="C:\Users\HP\Desktop\examen-2025-ii-si784-u2-dennisdhm7\tests\Music.Tests\bin\Release\net8.0\Music.Tests.dll" adapterTypeName="executor://xunit/VsTestRunner2/netcoreapp" className="Music.Tests.MusicUnitTests" name="PauseCommand_Returns_Pausing" />
    </UnitTest>
    <UnitTest name="Music.Tests.MusicUnitTests.Remote_Without_Command_Throws" storage="c:\users\hp\desktop\examen-2025-ii-si784-u2-dennisdhm7\tests\music.tests\bin\release\net8.0\music.tests.dll" id="6a4f19a5-220d-d2ed-da38-6956ad1b8eb2">
      <Execution id="4833f0ad-e5b6-49f6-9df2-09ca8e85f409" />
      <TestMethod codeBase="C:\Users\HP\Desktop\examen-2025-ii-si784-u2-dennisdhm7\tests\Music.Tests\bin\Release\net8.0\Music.Tests.dll" adapterTypeName="executor://xunit/VsTestRunner2/netcoreapp" className="Music.Tests.MusicUnitTests" name="Remote_Without_Command_Throws" />
    </UnitTest>
    <UnitTest name="Music.Tests.MusicUnitTests.Remote_With_Command_Works(action: &quot;play&quot;, expected: &quot;Playing the song.&quot;)" storage="c:\users\hp\desktop\examen-2025-ii-si784-u2-dennisdhm7\tests\music.tests\bin\release\net8.0\music.tests.dll" id="075b24b4-48fe-92a1-50ad-9e9e54c34bda">
      <Execution id="8101d4a5-7018-4cbc-8802-8153f26727cf" />
      <TestMethod codeBase="C:\Users\HP\Desktop\examen-2025-ii-si784-u2-dennisdhm7\tests\Music.Tests\bin\Release\net8.0\Music.Tests.dll" adapterTypeName="executor://xunit/VsTestRunner2/netcoreapp" className="Music.Tests.MusicUnitTests" name="Remote_With_Command_Works" />
    </UnitTest>
    <UnitTest name="Music.Tests.MusicUnitTests.Remote_With_Command_Works(action: &quot;skip&quot;, expected: &quot;Skipping to the next song.&quot;)" storage="c:\users\hp\desktop\examen-2025-ii-si784-u2-dennisdhm7\tests\music.tests\bin\release\net8.0\music.tests.dll" id="0882e9d4-3a33-d59e-26d5-a2ab575f29d9">
      <Execution id="09e099d8-6707-49c3-98f1-6292ab49bb64" />
      <TestMethod codeBase="C:\Users\HP\Desktop\examen-2025-ii-si784-u2-dennisdhm7\tests\Music.Tests\bin\Release\net8.0\Music.Tests.dll" adapterTypeName="executor://xunit/VsTestRunner2/netcoreapp" className="Music.Tests.MusicUnitTests" name="Remote_With_Command_Works" />
    </UnitTest>
    <UnitTest name="Music.Tests.MusicUnitTests.SkipCommand_Returns_Skipping" storage="c:\users\hp\desktop\examen-2025-ii-si784-u2-dennisdhm7\tests\music.tests\bin\release\net8.0\music.tests.dll" id="80c5456d-0792-5c6c-7bf4-cbc5b154f8f7">
      <Execution id="956ae77a-7baf-41be-acee-57cf840a609a" />
      <TestMethod codeBase="C:\Users\HP\Desktop\examen-2025-ii-si784-u2-dennisdhm7\tests\Music.Tests\bin\Release\net8.0\Music.Tests.dll" adapterTypeName="executor://xunit/VsTestRunner2/netcoreapp" className="Music.Tests.MusicUnitTests" name="SkipCommand_Returns_Skipping" />
    </UnitTest>
    <UnitTest name="Music.Tests.MusicUnitTests.Remote_With_Command_Works(action: &quot;pause&quot;, expected: &quot;Pausing the song.&quot;)" storage="c:\users\hp\desktop\examen-2025-ii-si784-u2-dennisdhm7\tests\music.tests\bin\release\net8.0\music.tests.dll" id="71d1658e-d987-b498-f620-6238e0518fe0">
      <Execution id="8aefbb28-3753-46f0-93c8-7808db31b0c4" />
      <TestMethod codeBase="C:\Users\HP\Desktop\examen-2025-ii-si784-u2-dennisdhm7\tests\Music.Tests\bin\Release\net8.0\Music.Tests.dll" adapterTypeName="executor://xunit/VsTestRunner2/netcoreapp" className="Music.Tests.MusicUnitTests" name="Remote_With_Command_Works" />
    </UnitTest>
  </TestDefinitions>
  <TestEntries>
    <TestEntry testId="cd1526cd-658b-039f-332e-003006925982" executionId="e0d1e0ed-19fc-4a3d-8793-12f9f2cc764a" testListId="8c84fa94-04c1-424b-9868-57a2d4851a1d" />
    <TestEntry testId="80c5456d-0792-5c6c-7bf4-cbc5b154f8f7" executionId="956ae77a-7baf-41be-acee-57cf840a609a" testListId="8c84fa94-04c1-424b-9868-57a2d4851a1d" />
    <TestEntry testId="075b24b4-48fe-92a1-50ad-9e9e54c34bda" executionId="8101d4a5-7018-4cbc-8802-8153f26727cf" testListId="8c84fa94-04c1-424b-9868-57a2d4851a1d" />
    <TestEntry testId="71d1658e-d987-b498-f620-6238e0518fe0" executionId="8aefbb28-3753-46f0-93c8-7808db31b0c4" testListId="8c84fa94-04c1-424b-9868-57a2d4851a1d" />
    <TestEntry testId="6a4f19a5-220d-d2ed-da38-6956ad1b8eb2" executionId="4833f0ad-e5b6-49f6-9df2-09ca8e85f409" testListId="8c84fa94-04c1-424b-9868-57a2d4851a1d" />
    <TestEntry testId="89294226-cc9b-921a-7956-6dcbc8329138" executionId="799381ee-1488-4ce9-9ce9-14d5a27f1ced" testListId="8c84fa94-04c1-424b-9868-57a2d4851a1d" />
    <TestEntry testId="0882e9d4-3a33-d59e-26d5-a2ab575f29d9" executionId="09e099d8-6707-49c3-98f1-6292ab49bb64" testListId="8c84fa94-04c1-424b-9868-57a2d4851a1d" />
  </TestEntries>
  <TestLists>
    <TestList name="Resultados sin formato de lista" id="8c84fa94-04c1-424b-9868-57a2d4851a1d" />
    <TestList name="Todos los resultados cargados" id="19431567-8539-422a-85d7-44ee4e166bda" />
  </TestLists>
  <ResultSummary outcome="Completed">
    <Counters total="7" executed="7" passed="7" failed="0" error="0" timeout="0" aborted="0" inconclusive="0" passedButRunAborted="0" notRunnable="0" notExecuted="0" disconnected="0" warning="0" completed="0" inProgress="0" pending="0" />
    <Output>
      <StdOut>[xUnit.net 00:00:00.00] xUnit.net VSTest Adapter v2.5.3.1+6b60a9e56a (64-bit .NET 8.0.8)&#xD;
[xUnit.net 00:00:00.05]   Discovering: Music.Tests&#xD;
[xUnit.net 00:00:00.07]   Discovered:  Music.Tests&#xD;
[xUnit.net 00:00:00.08]   Starting:    Music.Tests&#xD;
[xUnit.net 00:00:00.12]   Finished:    Music.Tests&#xD;
</StdOut>
    </Output>
    <CollectorDataEntries>
      <Collector agentName="DESKTOP-STROUJ7" uri="datacollector://microsoft/CoverletCodeCoverage/1.0" collectorDisplayName="XPlat code coverage">
        <UriAttachments>
          <UriAttachment>
            <A href="DESKTOP-STROUJ7\coverage.cobertura.xml"></A>
          </UriAttachment>
        </UriAttachments>
      </Collector>
    </CollectorDataEntries>
  </ResultSummary>
</TestRun>