<?xml version="1.0" encoding="utf-8"?>
<coverage line-rate="1" branch-rate="1" version="1.9" timestamp="1761963993" lines-covered="12" lines-valid="12" branches-covered="2" branches-valid="2">
  <sources>
    <source>C:\</source>
  </sources>
  <packages>
    <package name="Music.Core" line-rate="1" branch-rate="1" complexity="12">
      <classes>
        <class name="Music.Core.MusicPlayer" filename="Users\HP\Desktop\examen-2025-ii-si784-u2-dennisdhm7\src\Music.Core\Music.cs" line-rate="1" branch-rate="1" complexity="3">
          <methods>
            <method name="Play" signature="()" line-rate="1" branch-rate="1" complexity="1">
              <lines>
                <line number="8" hits="2" branch="False" />
              </lines>
            </method>
            <method name="Pause" signature="()" line-rate="1" branch-rate="1" complexity="1">
              <lines>
                <line number="9" hits="2" branch="False" />
              </lines>
            </method>
            <method name="Skip" signature="()" line-rate="1" branch-rate="1" complexity="1">
              <lines>
                <line number="10" hits="2" branch="False" />
              </lines>
            </method>
          </methods>
          <lines>
            <line number="8" hits="2" branch="False" />
            <line number="9" hits="2" branch="False" />
            <line number="10" hits="2" branch="False" />
          </lines>
        </class>
        <class name="Music.Core.PlayCommand" filename="Users\HP\Desktop\examen-2025-ii-si784-u2-dennisdhm7\src\Music.Core\Music.cs" line-rate="1" branch-rate="1" complexity="2">
          <methods>
            <method name="Execute" signature="()" line-rate="1" branch-rate="1" complexity="1">
              <lines>
                <line number="18" hits="2" branch="False" />
              </lines>
            </method>
            <method name=".ctor" signature="(Music.Core.MusicPlayer)" line-rate="1" branch-rate="1" complexity="1">
              <lines>
                <line number="17" hits="4" branch="False" />
              </lines>
            </method>
          </methods>
          <lines>
            <line number="18" hits="2" branch="False" />
            <line number="17" hits="4" branch="False" />
          </lines>
        </class>
        <class name="Music.Core.PauseCommand" filename="Users\HP\Desktop\examen-2025-ii-si784-u2-dennisdhm7\src\Music.Core\Music.cs" line-rate="1" branch-rate="1" complexity="2">
          <methods>
            <method name="Execute" signature="()" line-rate="1" branch-rate="1" complexity="1">
              <lines>
                <line number="25" hits="2" branch="False" />
              </lines>
            </method>
            <method name=".ctor" signature="(Music.Core.MusicPlayer)" line-rate="1" branch-rate="1" complexity="1">
              <lines>
                <line number="24" hits="4" branch="False" />
              </lines>
            </method>
          </methods>
          <lines>
            <line number="25" hits="2" branch="False" />
            <line number="24" hits="4" branch="False" />
          </lines>
        </class>
        <class name="Music.Core.SkipCommand" filename="Users\HP\Desktop\examen-2025-ii-si784-u2-dennisdhm7\src\Music.Core\Music.cs" line-rate="1" branch-rate="1" complexity="2">
          <methods>
            <method name="Execute" signature="()" line-rate="1" branch-rate="1" complexity="1">
              <lines>
                <line number="32" hits="2" branch="False" />
              </lines>
            </method>
            <method name=".ctor" signature="(Music.Core.MusicPlayer)" line-rate="1" branch-rate="1" complexity="1">
              <lines>
                <line number="31" hits="4" branch="False" />
              </lines>
            </method>
          </methods>
          <lines>
            <line number="32" hits="2" branch="False" />
            <line number="31" hits="4" branch="False" />
          </lines>
        </class>
        <class name="Music.Core.MusicRemote" filename="Users\HP\Desktop\examen-2025-ii-si784-u2-dennisdhm7\src\Music.Core\Music.cs" line-rate="1" branch-rate="1" complexity="3">
          <methods>
            <method name="SetCommand" signature="(Music.Core.IMusicCommand)" line-rate="1" branch-rate="1" complexity="1">
              <lines>
                <line number="39" hits="3" branch="False" />
              </lines>
            </method>
            <method name="PressButton" signature="()" line-rate="1" branch-rate="1" complexity="2">
              <lines>
                <line number="42" hits="5" branch="True" condition-coverage="100% (2/2)">
                  <conditions>
                    <condition number="6" type="jump" coverage="100%" />
                  </conditions>
                </line>
                <line number="43" hits="3" branch="False" />
              </lines>
            </method>
          </methods>
          <lines>
            <line number="39" hits="3" branch="False" />
            <line number="42" hits="5" branch="True" condition-coverage="100% (2/2)">
              <conditions>
                <condition number="6" type="jump" coverage="100%" />
              </conditions>
            </line>
            <line number="43" hits="3" branch="False" />
          </lines>
        </class>
      </classes>
    </package>
  </packages>
</coverage>